starting build

**********************************************************************

Test build
build project using make

**********************************************************************
Trying to clean project using make clean
make clean
rm -f runtests*
rm -f *.pyc
Trying to build project using make
make
echo "#!/bin/bash" > runtests
echo "base=~cs537-1/ta/tests/p5" >> runtests
echo "python \$base/project5_base.py --test-path \$base \$@"\
	" | tee runtests.log" >> runtests
echo "exit \$?" >> runtests
chmod a+x runtests
gcc xfsck.c -iquote/u/c/s/cs537-1/xv6-sp20/include -o xfsck
gcc: error: xfsck.c: No such file or directory
gcc: fatal error: no input files
compilation terminated.


test build PASSED
 (build project using make)

starting Good

**********************************************************************

Test Good
run on a good filesystem

**********************************************************************
/tmp/tmplbMJdP/p/./xfsck /u/c/s/cs537-1/tests/p5/images/Good
OSError: [Errno 2] No such file or directory


test Good FAILED (0 of 2)
 (run on a good filesystem)
 Unexpected exception [Errno 2] No such file or directory

starting Goodrefcnt

**********************************************************************

Test Goodrefcnt
run on fs with only good reference counts

**********************************************************************
/tmp/tmplbMJdP/p/./xfsck /u/c/s/cs537-1/tests/p5/images/Goodrefcnt
OSError: [Errno 2] No such file or directory


test Goodrefcnt FAILED (0 of 2)
 (run on fs with only good reference counts)
 Unexpected exception [Errno 2] No such file or directory

starting Nonexistant

**********************************************************************

Test Nonexistant
run on a nonexistant filesystem

**********************************************************************
/tmp/tmplbMJdP/p/./xfsck /u/c/s/cs537-1/tests/p5/images/Nonexistant
OSError: [Errno 2] No such file or directory


test Nonexistant FAILED (0 of 2)
 (run on a nonexistant filesystem)
 Unexpected exception [Errno 2] No such file or directory

starting Superblock

**********************************************************************

Test Superblock
run on a filesystem with corrupted superblock

**********************************************************************
/tmp/tmplbMJdP/p/./xfsck /u/c/s/cs537-1/tests/p5/images/Superblock
OSError: [Errno 2] No such file or directory


test Superblock FAILED (0 of 2)
 (run on a filesystem with corrupted superblock)
 Unexpected exception [Errno 2] No such file or directory

starting Badsize

**********************************************************************

Test Badsize
run on a filesystem with a bad file size in an inode

**********************************************************************
/tmp/tmplbMJdP/p/./xfsck /u/c/s/cs537-1/tests/p5/images/Badsize
OSError: [Errno 2] No such file or directory


test Badsize FAILED (0 of 5)
 (run on a filesystem with a bad file size in an inode)
 Unexpected exception [Errno 2] No such file or directory

starting Badinode

**********************************************************************

Test Badinode
run on a filesystem with a bad type in an inode

**********************************************************************
/tmp/tmplbMJdP/p/./xfsck /u/c/s/cs537-1/tests/p5/images/Badinode
OSError: [Errno 2] No such file or directory


test Badinode FAILED (0 of 5)
 (run on a filesystem with a bad type in an inode)
 Unexpected exception [Errno 2] No such file or directory

starting Badaddr

**********************************************************************

Test Badaddr
run on a filesystem with a bad direct address in an inode

**********************************************************************
/tmp/tmplbMJdP/p/./xfsck /u/c/s/cs537-1/tests/p5/images/Badaddr
OSError: [Errno 2] No such file or directory


test Badaddr FAILED (0 of 5)
 (run on a filesystem with a bad direct address in an inode)
 Unexpected exception [Errno 2] No such file or directory

starting Badindir1

**********************************************************************

Test Badindir1
run on a filesystem with a bad indirect address in an inode

**********************************************************************
/tmp/tmplbMJdP/p/./xfsck /u/c/s/cs537-1/tests/p5/images/Badindir1
OSError: [Errno 2] No such file or directory


test Badindir1 FAILED (0 of 5)
 (run on a filesystem with a bad indirect address in an inode)
 Unexpected exception [Errno 2] No such file or directory

starting Badfmt

**********************************************************************

Test Badfmt
run on a filesystem without . or .. directories

**********************************************************************
/tmp/tmplbMJdP/p/./xfsck /u/c/s/cs537-1/tests/p5/images/Badfmt
OSError: [Errno 2] No such file or directory


test Badfmt FAILED (0 of 5)
 (run on a filesystem without . or .. directories)
 Unexpected exception [Errno 2] No such file or directory

starting Mrkfree

**********************************************************************

Test Mrkfree
run on a filesystem with an inuse direct block marked free

**********************************************************************
/tmp/tmplbMJdP/p/./xfsck /u/c/s/cs537-1/tests/p5/images/Mrkfree
OSError: [Errno 2] No such file or directory


test Mrkfree FAILED (0 of 5)
 (run on a filesystem with an inuse direct block marked free)
 Unexpected exception [Errno 2] No such file or directory

starting Indirfree

**********************************************************************

Test Indirfree
run on a filesystem with an inuse indirect block marked free

**********************************************************************
/tmp/tmplbMJdP/p/./xfsck /u/c/s/cs537-1/tests/p5/images/Indirfree
OSError: [Errno 2] No such file or directory


test Indirfree FAILED (0 of 5)
 (run on a filesystem with an inuse indirect block marked free)
 Unexpected exception [Errno 2] No such file or directory

starting Mrkused

**********************************************************************

Test Mrkused
run on a filesystem with a free block marked used

**********************************************************************
/tmp/tmplbMJdP/p/./xfsck /u/c/s/cs537-1/tests/p5/images/Mrkused
OSError: [Errno 2] No such file or directory


test Mrkused FAILED (0 of 5)
 (run on a filesystem with a free block marked used)
 Unexpected exception [Errno 2] No such file or directory

starting Addronce

**********************************************************************

Test Addronce
run on a filesystem with an address used more than once

**********************************************************************
/tmp/tmplbMJdP/p/./xfsck /u/c/s/cs537-1/tests/p5/images/Addronce
OSError: [Errno 2] No such file or directory


test Addronce FAILED (0 of 5)
 (run on a filesystem with an address used more than once)
 Unexpected exception [Errno 2] No such file or directory

starting Imrkused

**********************************************************************

Test Imrkused
run with inode marked used, but not referenced in a directory

**********************************************************************
/tmp/tmplbMJdP/p/./xfsck /u/c/s/cs537-1/tests/p5/images/Imrkused
OSError: [Errno 2] No such file or directory


test Imrkused FAILED (0 of 5)
 (run with inode marked used, but not referenced in a directory)
 Unexpected exception [Errno 2] No such file or directory

starting Imrkfree

**********************************************************************

Test Imrkfree
run with inode marked free, but referenced in a directory

**********************************************************************
/tmp/tmplbMJdP/p/./xfsck /u/c/s/cs537-1/tests/p5/images/Imrkfree
OSError: [Errno 2] No such file or directory


test Imrkfree FAILED (0 of 5)
 (run with inode marked free, but referenced in a directory)
 Unexpected exception [Errno 2] No such file or directory

starting Badrefcnt

**********************************************************************

Test Badrefcnt
run on fs which has an inode with a bad reference count

**********************************************************************
/tmp/tmplbMJdP/p/./xfsck /u/c/s/cs537-1/tests/p5/images/Badrefcnt
OSError: [Errno 2] No such file or directory


test Badrefcnt FAILED (0 of 5)
 (run on fs which has an inode with a bad reference count)
 Unexpected exception [Errno 2] No such file or directory

starting Badindir2

**********************************************************************

Test Badindir2
run on a filesystem with a bad indirect address in an inode

**********************************************************************
/tmp/tmplbMJdP/p/./xfsck /u/c/s/cs537-1/tests/p5/images/Badindir2
OSError: [Errno 2] No such file or directory


test Badindir2 FAILED (0 of 5)
 (run on a filesystem with a bad indirect address in an inode)
 Unexpected exception [Errno 2] No such file or directory

starting Dironce

**********************************************************************

Test Dironce
run on fs with a directory appearing more than once

**********************************************************************
/tmp/tmplbMJdP/p/./xfsck /u/c/s/cs537-1/tests/p5/images/Dironce
OSError: [Errno 2] No such file or directory


test Dironce FAILED (0 of 5)
 (run on fs with a directory appearing more than once)
 Unexpected exception [Errno 2] No such file or directory

starting Goodrm

**********************************************************************

Test Goodrm
run on good fs with a file removed and a new directory created

**********************************************************************
/tmp/tmplbMJdP/p/./xfsck /u/c/s/cs537-1/tests/p5/images/Goodrm
OSError: [Errno 2] No such file or directory


test Goodrm FAILED (0 of 3)
 (run on good fs with a file removed and a new directory created)
 Unexpected exception [Errno 2] No such file or directory

starting Goodrm2

**********************************************************************

Test Goodrm2
run on good fs with a new directory created and then a file removed

**********************************************************************
/tmp/tmplbMJdP/p/./xfsck /u/c/s/cs537-1/tests/p5/images/Goodrm2
OSError: [Errno 2] No such file or directory


test Goodrm2 FAILED (0 of 3)
 (run on good fs with a new directory created and then a file removed)
 Unexpected exception [Errno 2] No such file or directory

starting Goodlink

**********************************************************************

Test Goodlink
run on good fs with some hard links and a linked file removed

**********************************************************************
/tmp/tmplbMJdP/p/./xfsck /u/c/s/cs537-1/tests/p5/images/Goodlink
OSError: [Errno 2] No such file or directory


test Goodlink FAILED (0 of 3)
 (run on good fs with some hard links and a linked file removed)
 Unexpected exception [Errno 2] No such file or directory

starting Goodlarge

**********************************************************************

Test Goodlarge
run on large good fs

**********************************************************************
/tmp/tmplbMJdP/p/./xfsck /u/c/s/cs537-1/tests/p5/images/Goodlarge
OSError: [Errno 2] No such file or directory


test Goodlarge FAILED (0 of 3)
 (run on large good fs)
 Unexpected exception [Errno 2] No such file or directory

**********************************************************************
Summary:
test build PASSED
 (build project using make)

test Good FAILED (0 of 2)
 (run on a good filesystem)
 Unexpected exception [Errno 2] No such file or directory

test Goodrefcnt FAILED (0 of 2)
 (run on fs with only good reference counts)
 Unexpected exception [Errno 2] No such file or directory

test Nonexistant FAILED (0 of 2)
 (run on a nonexistant filesystem)
 Unexpected exception [Errno 2] No such file or directory

test Superblock FAILED (0 of 2)
 (run on a filesystem with corrupted superblock)
 Unexpected exception [Errno 2] No such file or directory

test Badsize FAILED (0 of 5)
 (run on a filesystem with a bad file size in an inode)
 Unexpected exception [Errno 2] No such file or directory

test Badinode FAILED (0 of 5)
 (run on a filesystem with a bad type in an inode)
 Unexpected exception [Errno 2] No such file or directory

test Badaddr FAILED (0 of 5)
 (run on a filesystem with a bad direct address in an inode)
 Unexpected exception [Errno 2] No such file or directory

test Badindir1 FAILED (0 of 5)
 (run on a filesystem with a bad indirect address in an inode)
 Unexpected exception [Errno 2] No such file or directory

test Badfmt FAILED (0 of 5)
 (run on a filesystem without . or .. directories)
 Unexpected exception [Errno 2] No such file or directory

test Mrkfree FAILED (0 of 5)
 (run on a filesystem with an inuse direct block marked free)
 Unexpected exception [Errno 2] No such file or directory

test Indirfree FAILED (0 of 5)
 (run on a filesystem with an inuse indirect block marked free)
 Unexpected exception [Errno 2] No such file or directory

test Mrkused FAILED (0 of 5)
 (run on a filesystem with a free block marked used)
 Unexpected exception [Errno 2] No such file or directory

test Addronce FAILED (0 of 5)
 (run on a filesystem with an address used more than once)
 Unexpected exception [Errno 2] No such file or directory

test Imrkused FAILED (0 of 5)
 (run with inode marked used, but not referenced in a directory)
 Unexpected exception [Errno 2] No such file or directory

test Imrkfree FAILED (0 of 5)
 (run with inode marked free, but referenced in a directory)
 Unexpected exception [Errno 2] No such file or directory

test Badrefcnt FAILED (0 of 5)
 (run on fs which has an inode with a bad reference count)
 Unexpected exception [Errno 2] No such file or directory

test Badindir2 FAILED (0 of 5)
 (run on a filesystem with a bad indirect address in an inode)
 Unexpected exception [Errno 2] No such file or directory

test Dironce FAILED (0 of 5)
 (run on fs with a directory appearing more than once)
 Unexpected exception [Errno 2] No such file or directory

test Goodrm FAILED (0 of 3)
 (run on good fs with a file removed and a new directory created)
 Unexpected exception [Errno 2] No such file or directory

test Goodrm2 FAILED (0 of 3)
 (run on good fs with a new directory created and then a file removed)
 Unexpected exception [Errno 2] No such file or directory

test Goodlink FAILED (0 of 3)
 (run on good fs with some hard links and a linked file removed)
 Unexpected exception [Errno 2] No such file or directory

test Goodlarge FAILED (0 of 3)
 (run on large good fs)
 Unexpected exception [Errno 2] No such file or directory

Passed 1 of 23 tests.
Overall 1 of 23
Points 0 of 90
